Added Component: Designator=B?(Button 2 Pin)
Added Component: Designator=C?(Tu 0805)
Added Component: Designator=J?(JP2)
Added Component: Designator=Rnrst(RES-SMD-0805)
Added Pin To Net: NetName=3V3 Pin=J?-1
Added Pin To Net: NetName=3V3 Pin=Rnrst-2
Added Pin To Net: NetName=3V3 Pin=U?-1
Added Pin To Net: NetName=3V3 Pin=U?-9
Added Pin To Net: NetName=3V3 Pin=U?-24
Added Pin To Net: NetName=3V3 Pin=U?-36
Added Pin To Net: NetName=3V3 Pin=U?-48
Added Net: Name=3V3
Added Pin To Net: NetName=GND Pin=B?-1
Added Pin To Net: NetName=GND Pin=C?-2
Added Pin To Net: NetName=GND Pin=J?-2
Added Pin To Net: NetName=GND Pin=U?-8
Added Pin To Net: NetName=GND Pin=U?-23
Added Pin To Net: NetName=GND Pin=U?-35
Added Pin To Net: NetName=GND Pin=U?-47
Added Net: Name=GND
Added Pin To Net: NetName=NetB?_2 Pin=B?-2
Added Pin To Net: NetName=NetB?_2 Pin=C?-1
Added Pin To Net: NetName=NetB?_2 Pin=Rnrst-1
Added Pin To Net: NetName=NetB?_2 Pin=U?-7
Added Net: Name=NetB?_2
Added Member To Class: ClassName=Sheet1 Member=Component B? Button
Added Member To Class: ClassName=Sheet1 Member=Component C? Tu 0805
Added Member To Class: ClassName=Sheet1 Member=Component J? Jumper 2
Added Member To Class: ClassName=Sheet1 Member=Component Rnrst Res
