Change Component Designator: OldDesignator=B? NewDesignator=B1
Change Component Designator: OldDesignator=C? NewDesignator=C1
Change Component Designator: OldDesignator=J? NewDesignator=1
Change Component Designator: OldDesignator=Rnrst NewDesignator=Rnrst1
Change Component Designator: OldDesignator=U? NewDesignator=U2
Added Component: Designator=*1(JP4)
Added Component: Designator=2(Tu 0805)
Added Component: Designator=3(Tu 0805)
Added Component: Designator=4(Tu 0805)
Added Component: Designator=5(Tu 0805)
Added Component: Designator=BOOT1(JP3)
Added Component: Designator=Dec_1(Tu 0805)
Added Component: Designator=Dec_2(Tu 0805)
Added Component: Designator=Dec_3(Tu 0805)
Added Component: Designator=Dec_4(Tu 0805)
Added Component: Designator=J1(USB-D2)
Added Component: Designator=J2(USB-D2)
Added Component: Designator=LED1(SM-LED-1206-Red)
Added Component: Designator=Resboot1(RES-SMD-0805)
Added Component: Designator=Resboot2(RES-SMD-0805)
Added Component: Designator=Resledpower1(RES-SMD-0805)
Added Component: Designator=U1(LM1117-SOP)
Added Component: Designator=X1(XT32k)
Added Component: Designator=X2(XT32k)
Added Pin To Net: NetName=GND Pin=*1-1
Added Pin To Net: NetName=3V3 Pin=*1-4
Added Pin To Net: NetName=GND Pin=2-2
Added Pin To Net: NetName=GND Pin=3-2
Added Pin To Net: NetName=GND Pin=4-2
Added Pin To Net: NetName=GND Pin=5-2
Added Pin To Net: NetName=3V3 Pin=BOOT1-1
Added Pin To Net: NetName=GND Pin=BOOT1-3
Added Pin To Net: NetName=3V3 Pin=Dec_1-1
Added Pin To Net: NetName=GND Pin=Dec_1-2
Added Pin To Net: NetName=3V3 Pin=Dec_2-1
Added Pin To Net: NetName=GND Pin=Dec_2-2
Added Pin To Net: NetName=3V3 Pin=Dec_3-1
Added Pin To Net: NetName=GND Pin=Dec_3-2
Added Pin To Net: NetName=3V3 Pin=Dec_4-1
Added Pin To Net: NetName=GND Pin=Dec_4-2
Added Pin To Net: NetName=3V3 Pin=LED1-1
Added Pin To Net: NetName=GND Pin=Resboot1-1
Added Pin To Net: NetName=GND Pin=Resledpower1-1
Change Net Name : Old Net Name=NetB?_2 New Net Name=NetB1_2
Added Pin To Net: NetName=Net2_1 Pin=2-1
Added Pin To Net: NetName=Net2_1 Pin=U2-3
Added Pin To Net: NetName=Net2_1 Pin=X1-2
Added Net: Name=Net2_1
Added Pin To Net: NetName=Net3_1 Pin=3-1
Added Pin To Net: NetName=Net3_1 Pin=U2-4
Added Pin To Net: NetName=Net3_1 Pin=X1-1
Added Net: Name=Net3_1
Added Pin To Net: NetName=NetBOOT1_2 Pin=BOOT1-2
Added Pin To Net: NetName=NetBOOT1_2 Pin=Resboot2-2
Added Net: Name=NetBOOT1_2
Added Pin To Net: NetName=NetLED1_2 Pin=LED1-2
Added Pin To Net: NetName=NetLED1_2 Pin=Resledpower1-2
Added Net: Name=NetLED1_2
Added Pin To Net: NetName=NetResboot1_2 Pin=Resboot1-2
Added Pin To Net: NetName=NetResboot1_2 Pin=U2-20
Added Net: Name=NetResboot1_2
Added Pin To Net: NetName=NetResboot2_1 Pin=Resboot2-1
Added Pin To Net: NetName=NetResboot2_1 Pin=U2-44
Added Net: Name=NetResboot2_1
Added Pin To Net: NetName=OSC_IN Pin=4-1
Added Pin To Net: NetName=OSC_IN Pin=U2-5
Added Pin To Net: NetName=OSC_IN Pin=X2-2
Added Net: Name=OSC_IN
Added Pin To Net: NetName=OSC_OUT Pin=5-1
Added Pin To Net: NetName=OSC_OUT Pin=U2-6
Added Pin To Net: NetName=OSC_OUT Pin=X2-1
Added Net: Name=OSC_OUT
Added Pin To Net: NetName=SWDCLK Pin=*1-2
Added Pin To Net: NetName=SWDCLK Pin=U2-37
Added Net: Name=SWDCLK
Added Pin To Net: NetName=SWDIO Pin=*1-3
Added Pin To Net: NetName=SWDIO Pin=U2-34
Added Net: Name=SWDIO
Added Member To Class: ClassName=Sheet1 Member=Component *1 JP4
Added Member To Class: ClassName=Sheet1 Member=Component 1 Jumper 2
Added Member To Class: ClassName=Sheet1 Member=Component 2 Tu 0805
Added Member To Class: ClassName=Sheet1 Member=Component 3 Tu 0805
Added Member To Class: ClassName=Sheet1 Member=Component 4 Tu 0805
Added Member To Class: ClassName=Sheet1 Member=Component 5 Tu 0805
Added Member To Class: ClassName=Sheet1 Member=Component BOOT1 JP 2-1
Added Member To Class: ClassName=Sheet1 Member=Component Dec_1 104
Added Member To Class: ClassName=Sheet1 Member=Component Dec_2 104
Added Member To Class: ClassName=Sheet1 Member=Component Dec_3 104
Added Member To Class: ClassName=Sheet1 Member=Component Dec_4 104
Added Member To Class: ClassName=Sheet1 Member=Component J1 8492121
Added Member To Class: ClassName=Sheet1 Member=Component J2 8492121
Added Member To Class: ClassName=Sheet1 Member=Component LED1 LED SMD
Added Member To Class: ClassName=Sheet1 Member=Component Resboot1 10k
Added Member To Class: ClassName=Sheet1 Member=Component Resboot2 10k
Added Member To Class: ClassName=Sheet1 Member=Component Resledpower1 470
Added Member To Class: ClassName=Sheet1 Member=Component U1 LM1117-3.3V
Added Member To Class: ClassName=Sheet1 Member=Component U2 STM32F101C6T6
Added Member To Class: ClassName=Sheet1 Member=Component X1 32k768
Added Member To Class: ClassName=Sheet1 Member=Component X2 8mhz
