Change Component Designator: OldDesignator=1 NewDesignator=3
Change Component Designator: OldDesignator=2 NewDesignator=4
Change Component Designator: OldDesignator=3 NewDesignator=5
Change Component Designator: OldDesignator=4 NewDesignator=6
Change Component Designator: OldDesignator=5 NewDesignator=7
Change Component Designator: OldDesignator=Dec_1 NewDesignator=Dec_4
Change Component Designator: OldDesignator=Dec_2 NewDesignator=Dec_5
Change Component Designator: OldDesignator=Dec_3 NewDesignator=Dec_6
Change Component Designator: OldDesignator=Dec_4 NewDesignator=Dec_7
Change Component Designator: OldDesignator=LED1 NewDesignator=LED4
Change Component Designator: OldDesignator=U1 NewDesignator=U2
Change Component Designator: OldDesignator=U2 NewDesignator=U1
Change Component Designator: OldDesignator=X1 NewDesignator=X2
Change Component Designator: OldDesignator=X2 NewDesignator=X3
Added Component: Designator=1(Tu 0805)
Added Component: Designator=2(Tu 0805)
Added Component: Designator=d+1(JP3)
Added Component: Designator=d-1(JP3)
Added Component: Designator=Dec_1(Tu 0805)
Added Component: Designator=Dec_2(Tu 0805)
Added Component: Designator=Dec_3(Tu 0805)
Added Component: Designator=IC1(SO-G28/C6.8)
Added Component: Designator=LED1(SM-LED-1206-Red)
Added Component: Designator=LED2(SM-LED-1206-Red)
Added Component: Designator=LED3(SM-LED-1206-Red)
Added Component: Designator=Rdm1(RES-SMD-0805)
Added Component: Designator=Rdm2(RES-SMD-0805)
Added Component: Designator=Rdm3(RES-SMD-0805)
Added Component: Designator=Rdm4(RES-SMD-0805)
Added Component: Designator=Rdp1(RES-SMD-0805)
Added Component: Designator=Rdp2(RES-SMD-0805)
Added Component: Designator=Resrx1(RES-SMD-0805)
Added Component: Designator=ResTx1(RES-SMD-0805)
Added Component: Designator=Rpl1(RES-SMD-0805)
Added Component: Designator=Rpl2(RES-SMD-0805)
Added Component: Designator=rUSB1(RES-SMD-0805)
Added Component: Designator=X1(XT32k)
Added Pin To Net: NetName=GND Pin=1-2
Added Pin To Net: NetName=GND Pin=2-2
Added Pin To Net: NetName=D+ Pin=d+1-2
Added Pin To Net: NetName=D- Pin=d-1-2
Added Pin To Net: NetName=GND Pin=Dec_1-1
Added Pin To Net: NetName=5V Pin=Dec_2-1
Added Pin To Net: NetName=GND Pin=Dec_2-2
Added Pin To Net: NetName=GND Pin=Dec_3-2
Added Pin To Net: NetName=GND Pin=IC1-18
Added Pin To Net: NetName=5V Pin=IC1-20
Added Pin To Net: NetName=GND Pin=IC1-21
Added Pin To Net: NetName=GND Pin=IC1-22
Added Pin To Net: NetName=GND Pin=IC1-23
Added Pin To Net: NetName=GND Pin=IC1-25
Added Pin To Net: NetName=GND Pin=IC1-26
Added Pin To Net: NetName=5V Pin=LED1-1
Added Pin To Net: NetName=3V3 Pin=Rdm3-1
Added Pin To Net: NetName=3V3 Pin=Rdm4-2
Added Pin To Net: NetName=5V Pin=Rpl1-2
Added Pin To Net: NetName=5V Pin=Rpl2-2
Added Pin To Net: NetName=GND Pin=rUSB1-1
Change Net Name : Old Net Name=Net2_1 New Net Name=Net4_1
Change Net Name : Old Net Name=Net3_1 New Net Name=Net5_1
Change Net Name : Old Net Name=NetB1_2 New Net Name=RESET
Change Net Name : Old Net Name=NetLED1_2 New Net Name=NetLED4_2
Change Net Name : Old Net Name=NetResboot1_2 New Net Name=BOOT1
Change Net Name : Old Net Name=NetResboot2_1 New Net Name=BOOT0
Added Pin To Net: NetName=LEDSIGN2 Pin=U1-26
Added Net: Name=LEDSIGN2
Added Pin To Net: NetName=LEDSIGN Pin=U1-25
Added Net: Name=LEDSIGN
Added Pin To Net: NetName=Net1_1 Pin=1-1
Added Pin To Net: NetName=Net1_1 Pin=IC1-28
Added Pin To Net: NetName=Net1_1 Pin=X1-2
Added Net: Name=Net1_1
Added Pin To Net: NetName=Net2_1 Pin=2-1
Added Pin To Net: NetName=Net2_1 Pin=IC1-27
Added Pin To Net: NetName=Net2_1 Pin=X1-1
Added Net: Name=Net2_1
Added Pin To Net: NetName=Netd+1_1 Pin=d+1-1
Added Pin To Net: NetName=Netd+1_1 Pin=Rdm4-1
Added Pin To Net: NetName=Netd+1_1 Pin=Rdp2-2
Added Net: Name=Netd+1_1
Added Pin To Net: NetName=Netd+1_3 Pin=d+1-3
Added Pin To Net: NetName=Netd+1_3 Pin=Rdm3-2
Added Pin To Net: NetName=Netd+1_3 Pin=Rdp1-2
Added Net: Name=Netd+1_3
Added Pin To Net: NetName=Netd-1_1 Pin=d-1-1
Added Pin To Net: NetName=Netd-1_1 Pin=Rdm2-2
Added Net: Name=Netd-1_1
Added Pin To Net: NetName=Netd-1_3 Pin=d-1-3
Added Pin To Net: NetName=Netd-1_3 Pin=Rdm1-2
Added Net: Name=Netd-1_3
Added Pin To Net: NetName=NetIC1_13 Pin=IC1-13
Added Pin To Net: NetName=NetIC1_13 Pin=Rpl1-1
Added Net: Name=NetIC1_13
Added Pin To Net: NetName=NetIC1_14 Pin=IC1-14
Added Pin To Net: NetName=NetIC1_14 Pin=Rpl2-1
Added Net: Name=NetIC1_14
Added Pin To Net: NetName=NetLED1_2 Pin=LED1-2
Added Pin To Net: NetName=NetLED1_2 Pin=rUSB1-2
Added Net: Name=NetLED1_2
Added Pin To Net: NetName=NetLED2_2 Pin=LED2-2
Added Pin To Net: NetName=NetLED2_2 Pin=Resrx1-2
Added Net: Name=NetLED2_2
Added Pin To Net: NetName=NetLED3_2 Pin=LED3-2
Added Pin To Net: NetName=NetLED3_2 Pin=ResTx1-2
Added Net: Name=NetLED3_2
Added Pin To Net: NetName=PL_DM Pin=IC1-16
Added Pin To Net: NetName=PL_DM Pin=Rdm1-1
Added Net: Name=PL_DM
Added Pin To Net: NetName=PL_PM Pin=IC1-15
Added Pin To Net: NetName=PL_PM Pin=Rdp1-1
Added Net: Name=PL_PM
Added Pin To Net: NetName=RX Pin=IC1-5
Added Pin To Net: NetName=RX Pin=Resrx1-1
Added Pin To Net: NetName=RX Pin=U1-30
Added Net: Name=RX
Added Pin To Net: NetName=TX Pin=IC1-1
Added Pin To Net: NetName=TX Pin=ResTx1-1
Added Pin To Net: NetName=TX Pin=U1-31
Added Net: Name=TX
Added Pin To Net: NetName=USB_DM Pin=Rdm2-1
Added Pin To Net: NetName=USB_DM Pin=U1-32
Added Net: Name=USB_DM
Added Pin To Net: NetName=USB_DP Pin=Rdp2-1
Added Pin To Net: NetName=USB_DP Pin=U1-33
Added Net: Name=USB_DP
Added Pin To Net: NetName=VCCPL Pin=Dec_1-2
Added Pin To Net: NetName=VCCPL Pin=Dec_3-1
Added Pin To Net: NetName=VCCPL Pin=IC1-4
Added Pin To Net: NetName=VCCPL Pin=IC1-17
Added Pin To Net: NetName=VCCPL Pin=LED2-1
Added Pin To Net: NetName=VCCPL Pin=LED3-1
Added Net: Name=VCCPL
Added Member To Class: ClassName=Sheet1 Member=Component 6 Tu 0805
Added Member To Class: ClassName=Sheet1 Member=Component 7 Tu 0805
Added Member To Class: ClassName=Sheet1 Member=Component d+1 JP 2-1
Added Member To Class: ClassName=Sheet1 Member=Component d-1 JP 2-1
Added Member To Class: ClassName=Sheet1 Member=Component Dec_4 104
Added Member To Class: ClassName=Sheet1 Member=Component Dec_5 104
Added Member To Class: ClassName=Sheet1 Member=Component Dec_6 104
Added Member To Class: ClassName=Sheet1 Member=Component Dec_7 104
Added Member To Class: ClassName=Sheet1 Member=Component IC1 PL2303HX
Added Member To Class: ClassName=Sheet1 Member=Component LED1 LED SMD
Added Member To Class: ClassName=Sheet1 Member=Component LED2 LED SMD
Added Member To Class: ClassName=Sheet1 Member=Component LED3 LED SMD
Added Member To Class: ClassName=Sheet1 Member=Component LED4 LED SMD
Added Member To Class: ClassName=Sheet1 Member=Component Rdm1 22
Added Member To Class: ClassName=Sheet1 Member=Component Rdm2 22
Added Member To Class: ClassName=Sheet1 Member=Component Rdm3 22
Added Member To Class: ClassName=Sheet1 Member=Component Rdm4 22
Added Member To Class: ClassName=Sheet1 Member=Component Rdp1 22
Added Member To Class: ClassName=Sheet1 Member=Component Rdp2 22
Added Member To Class: ClassName=Sheet1 Member=Component Resrx1 470
Added Member To Class: ClassName=Sheet1 Member=Component ResTx1 470
Added Member To Class: ClassName=Sheet1 Member=Component Rpl1 10k
Added Member To Class: ClassName=Sheet1 Member=Component Rpl2 10k
Added Member To Class: ClassName=Sheet1 Member=Component rUSB1 470
Added Member To Class: ClassName=Sheet1 Member=Component X2 32k768
Added Member To Class: ClassName=Sheet1 Member=Component X3 8mhz
