Change Component Designator: Old Designator=*1 New Designator=*2
Change Component Designator: Old Designator=1 New Designator=10
Change Component Designator: Old Designator=2 New Designator=11
Change Component Designator: Old Designator=3 New Designator=12
Change Component Designator: Old Designator=4 New Designator=13
Change Component Designator: Old Designator=5 New Designator=14
Change Component Designator: Old Designator=6 New Designator=15
Change Component Designator: Old Designator=7 New Designator=16
Change Component Designator: Old Designator=8 New Designator=17
Change Component Designator: Old Designator=9 New Designator=18
Change Component Designator: Old Designator=B1 New Designator=B2
Change Component Designator: Old Designator=BOOT1 New Designator=BOOT2
Change Component Designator: Old Designator=C1 New Designator=C2
Change Component Designator: Old Designator=cappow1 New Designator=cappow5
Change Component Designator: Old Designator=cappow2 New Designator=cappow6
Change Component Designator: Old Designator=cappow3 New Designator=cappow7
Change Component Designator: Old Designator=cappow4 New Designator=cappow8
Change Component Designator: Old Designator=d+1 New Designator=d+2
Change Component Designator: Old Designator=d-1 New Designator=d-2
Change Component Designator: Old Designator=Dec_1 New Designator=Dec_8
Change Component Designator: Old Designator=Dec_2 New Designator=Dec_9
Change Component Designator: Old Designator=Dec_3 New Designator=Dec_10
Change Component Designator: Old Designator=Dec_4 New Designator=Dec_11
Change Component Designator: Old Designator=Dec_5 New Designator=Dec_12
Change Component Designator: Old Designator=Dec_6 New Designator=Dec_13
Change Component Designator: Old Designator=Dec_7 New Designator=Dec_14
Change Component Designator: Old Designator=IC1 New Designator=IC2
Change Component Designator: Old Designator=LED1 New Designator=LED5
Change Component Designator: Old Designator=LED2 New Designator=LED6
Change Component Designator: Old Designator=LED3 New Designator=LED7
Change Component Designator: Old Designator=LED4 New Designator=LED8
Change Component Designator: Old Designator=micro New Designator=micro2
Change Component Designator: Old Designator=Rdm1 New Designator=Rdm5
Change Component Designator: Old Designator=Rdm2 New Designator=Rdm6
Change Component Designator: Old Designator=Rdm3 New Designator=Rdm7
Change Component Designator: Old Designator=Rdm4 New Designator=Rdm8
Change Component Designator: Old Designator=Rdp1 New Designator=Rdp3
Change Component Designator: Old Designator=Rdp2 New Designator=Rdp4
Change Component Designator: Old Designator=Resboot1 New Designator=Resboot3
Change Component Designator: Old Designator=Resboot2 New Designator=Resboot4
Change Component Designator: Old Designator=Resledpower1 New Designator=Resledpower2
Change Component Designator: Old Designator=Resrx1 New Designator=Resrx2
Change Component Designator: Old Designator=ResTx1 New Designator=ResTx2
Change Component Designator: Old Designator=Rnrst1 New Designator=Rnrst2
Change Component Designator: Old Designator=Rpl1 New Designator=Rpl3
Change Component Designator: Old Designator=Rpl2 New Designator=Rpl4
Change Component Designator: Old Designator=rUSB1 New Designator=rUSB2
Change Component Designator: Old Designator=U1 New Designator=U3
Change Component Designator: Old Designator=U2 New Designator=U4
Change Component Designator: Old Designator=X1 New Designator=X4
Change Component Designator: Old Designator=X2 New Designator=X5
Change Component Designator: Old Designator=X3 New Designator=X6
