Change Component Designator: Old Designator=1 New Designator=3
Change Component Designator: Old Designator=2 New Designator=4
Change Component Designator: Old Designator=3 New Designator=5
Change Component Designator: Old Designator=4 New Designator=6
Change Component Designator: Old Designator=5 New Designator=7
Change Component Designator: Old Designator=22p New Designator=1
Change Component Designator: Old Designator=22p New Designator=2
Change Component Designator: Old Designator=d+ New Designator=d+1
Change Component Designator: Old Designator=d- New Designator=d-1
Change Component Designator: Old Designator=Dec_1 New Designator=Dec_4
Change Component Designator: Old Designator=Dec_2 New Designator=Dec_5
Change Component Designator: Old Designator=Dec_3 New Designator=Dec_6
Change Component Designator: Old Designator=Dec_4 New Designator=Dec_1
Change Component Designator: Old Designator=Dec_4 New Designator=Dec_2
Change Component Designator: Old Designator=Dec_4 New Designator=Dec_3
Change Component Designator: Old Designator=Dec_4 New Designator=Dec_7
Change Component Designator: Old Designator=IC? New Designator=IC1
Change Component Designator: Old Designator=LED1 New Designator=LED2
Change Component Designator: Old Designator=LED1 New Designator=LED3
Change Component Designator: Old Designator=LED1 New Designator=LED4
Change Component Designator: Old Designator=Rdm2 New Designator=Rdm1
Change Component Designator: Old Designator=Rdm New Designator=Rdm2
Change Component Designator: Old Designator=Rdm New Designator=Rdm3
Change Component Designator: Old Designator=Rdm New Designator=Rdm4
Change Component Designator: Old Designator=Rdp2 New Designator=Rdp1
Change Component Designator: Old Designator=Rdp New Designator=Rdp2
Change Component Designator: Old Designator=Resrx New Designator=Resrx1
Change Component Designator: Old Designator=ResTx New Designator=ResTx1
Change Component Designator: Old Designator=Rpl New Designator=Rpl1
Change Component Designator: Old Designator=Rpl New Designator=Rpl2
Change Component Designator: Old Designator=rUSB New Designator=rUSB1
Change Component Designator: Old Designator=U1 New Designator=U2
Change Component Designator: Old Designator=U2 New Designator=U1
Change Component Designator: Old Designator=X1 New Designator=X2
Change Component Designator: Old Designator=X2 New Designator=X1
Change Component Designator: Old Designator=X2 New Designator=X3
