Change Component Designator: Old Designator=* New Designator=*1
Change Component Designator: Old Designator=3V3 New Designator=1
Change Component Designator: Old Designator=20pico New Designator=2
Change Component Designator: Old Designator=20pico New Designator=3
Change Component Designator: Old Designator=20pico New Designator=4
Change Component Designator: Old Designator=20pico New Designator=5
Change Component Designator: Old Designator=B? New Designator=B1
Change Component Designator: Old Designator=BOOT0 New Designator=BOOT1
Change Component Designator: Old Designator=C? New Designator=C1
Change Component Designator: Old Designator=Dec_104 New Designator=Dec_1
Change Component Designator: Old Designator=Dec_104 New Designator=Dec_2
Change Component Designator: Old Designator=Dec_104 New Designator=Dec_3
Change Component Designator: Old Designator=Dec_104 New Designator=Dec_4
Change Component Designator: Old Designator=J? New Designator=J1
Change Component Designator: Old Designator=J? New Designator=J2
Change Component Designator: Old Designator=LED? New Designator=LED1
Change Component Designator: Old Designator=Resboot0 New Designator=Resboot2
Change Component Designator: Old Designator=Resledpower New Designator=Resledpower1
Change Component Designator: Old Designator=Rnrst New Designator=Rnrst1
Change Component Designator: Old Designator=U? New Designator=U1
Change Component Designator: Old Designator=U? New Designator=U2
Change Component Designator: Old Designator=X? New Designator=X1
Change Component Designator: Old Designator=X? New Designator=X2
